[19/Dec/2023:18:23:07] VendorID=5037 Code=C AcctID=5317605039838520
[19/Dec/2023:18:23:22] VendorID=9108 Code=A AcctID=2194850084423218
[19/Dec/2023:18:23:49] VendorID=1285 Code=F AcctID=8560077531775179
[19/Dec/2023:18:23:59] VendorID=1153 Code=D AcctID=4433276107716482
[19/Dec/2023:18:24:28] VendorID=7042 Code=N AcctID=4139333167069488
[19/Dec/2023:18:24:50] VendorID=1065 Code=L AcctID=3168124750473449
[19/Dec/2023:18:25:11] VendorID=1024 Code=F AcctID=7633402281782166
[19/Dec/2023:18:25:32] VendorID=1040 Code=E AcctID=9187440375155309
[19/Dec/2023:18:25:52] VendorID=5006 Code=I AcctID=6825295469531006
[19/Dec/2023:18:26:07] VendorID=7045 Code=F AcctID=4964694316264138
[19/Dec/2023:18:26:33] VendorID=1199 Code=L AcctID=2915747554285763
[19/Dec/2023:18:26:36] VendorID=4112 Code=B AcctID=2928233072260731
[19/Dec/2023:18:26:55] VendorID=7034 Code=N AcctID=3565518107081047
[19/Dec/2023:18:27:22] VendorID=1239 Code=D AcctID=9140740856660300
[19/Dec/2023:18:27:48] VendorID=9104 Code=N AcctID=2275859872963969
[19/Dec/2023:18:28:14] VendorID=1041 Code=N AcctID=8455447835470183
[19/Dec/2023:18:28:22] VendorID=5070 Code=B AcctID=8039947906648812
[19/Dec/2023:18:28:40] VendorID=1252 Code=F AcctID=7234663941091228
[19/Dec/2023:18:29:03] VendorID=1009 Code=A AcctID=6628745648452898
[19/Dec/2023:18:29:20] VendorID=1126 Code=M AcctID=7536414611746151
[19/Dec/2023:18:29:36] VendorID=7009 Code=I AcctID=6740439380337190
[19/Dec/2023:18:29:59] VendorID=5069 Code=E AcctID=2356847161261329
[19/Dec/2023:18:30:19] VendorID=1238 Code=F AcctID=7701097470611298
[19/Dec/2023:18:30:45] VendorID=7016 Code=A AcctID=5796597856272178
[19/Dec/2023:18:31:01] VendorID=3104 Code=D AcctID=5816905075214733
[19/Dec/2023:18:31:20] VendorID=1228 Code=F AcctID=4013603031471537
[19/Dec/2023:18:31:53] VendorID=1181 Code=K AcctID=3603460422103974
[19/Dec/2023:18:32:05] VendorID=1009 Code=I AcctID=2524677475331892
[19/Dec/2023:18:32:20] VendorID=4114 Code=C AcctID=9716671855916929
[19/Dec/2023:18:32:48] VendorID=1098 Code=F AcctID=9363219854437254
[19/Dec/2023:18:33:02] VendorID=5018 Code=D AcctID=1242405799296148
[19/Dec/2023:18:33:15] VendorID=1064 Code=N AcctID=6366997605954848
[19/Dec/2023:18:33:44] VendorID=1077 Code=J AcctID=2144203504725188
[19/Dec/2023:18:34:11] VendorID=1034 Code=J AcctID=9535543097562237
[19/Dec/2023:18:34:20] VendorID=1121 Code=B AcctID=3342996673404147
[19/Dec/2023:18:34:44] VendorID=7035 Code=B AcctID=7520470167325291
[19/Dec/2023:18:34:56] VendorID=1090 Code=C AcctID=8042349683983936
[19/Dec/2023:18:35:20] VendorID=3112 Code=N AcctID=3779507379335575
[19/Dec/2023:18:35:51] VendorID=9102 Code=I AcctID=7143284130755768
[19/Dec/2023:18:35:59] VendorID=1105 Code=L AcctID=2262260334613140
[19/Dec/2023:18:36:16] VendorID=1055 Code=B AcctID=9054704365592950
[19/Dec/2023:18:36:40] VendorID=4106 Code=A AcctID=2981523288787363
[19/Dec/2023:18:37:04] VendorID=1021 Code=I AcctID=8061956671106855
[19/Dec/2023:18:37:34] VendorID=7035 Code=D AcctID=8444069733096611
[19/Dec/2023:18:37:41] VendorID=1030 Code=B AcctID=9604366345611467
[19/Dec/2023:18:37:56] VendorID=1055 Code=F AcctID=9013572107631138
[19/Dec/2023:18:38:23] VendorID=1151 Code=N AcctID=8761983806101017
[19/Dec/2023:18:38:43] VendorID=5007 Code=L AcctID=1348644889675125
[19/Dec/2023:18:39:06] VendorID=9110 Code=A AcctID=7992461669265091
[19/Dec/2023:18:39:21] VendorID=1041 Code=I AcctID=8645874532678372
[19/Dec/2023:18:39:43] VendorID=7042 Code=D AcctID=9805298126915026
[19/Dec/2023:18:40:04] VendorID=1012 Code=N AcctID=6846354483746995
[19/Dec/2023:18:40:34] VendorID=5035 Code=D AcctID=5808585282617379
[19/Dec/2023:18:40:40] VendorID=9111 Code=N AcctID=4771561792578011
[19/Dec/2023:18:41:09] VendorID=5012 Code=K AcctID=1470501372219928
[19/Dec/2023:18:41:17] VendorID=1074 Code=M AcctID=6295631128963248
[19/Dec/2023:18:41:46] VendorID=1062 Code=I AcctID=8283861263133381
[19/Dec/2023:18:42:00] VendorID=1114 Code=F AcctID=9959035941986586
[19/Dec/2023:18:42:15] VendorID=1007 Code=F AcctID=3631948707096840
[19/Dec/2023:18:42:36] VendorID=1261 Code=L AcctID=4521741681909310
[19/Dec/2023:18:42:57] VendorID=1035 Code=I AcctID=3829492945770839
[19/Dec/2023:18:43:25] VendorID=1064 Code=B AcctID=6047572642223083
[19/Dec/2023:18:43:45] VendorID=1021 Code=M AcctID=2596425898579867
[19/Dec/2023:18:44:05] VendorID=4104 Code=A AcctID=6542414466309016
[19/Dec/2023:18:44:18] VendorID=3106 Code=G AcctID=3133920169998267
[19/Dec/2023:18:44:49] VendorID=7007 Code=B AcctID=4961664738257503
[19/Dec/2023:18:45:14] VendorID=1026 Code=D AcctID=9982872435582352
[19/Dec/2023:18:45:24] VendorID=5021 Code=A AcctID=7001887237936027
[19/Dec/2023:18:45:50] VendorID=1020 Code=N AcctID=9433248338069909
[19/Dec/2023:18:46:08] VendorID=3104 Code=N AcctID=9767437379029716
[19/Dec/2023:18:46:33] VendorID=5004 Code=D AcctID=2165016190318832
[19/Dec/2023:18:46:38] VendorID=1244 Code=C AcctID=1086958008512880
[19/Dec/2023:18:47:14] VendorID=5038 Code=K AcctID=2557442696026233
[19/Dec/2023:18:47:24] VendorID=9100 Code=N AcctID=9519954164703375
[19/Dec/2023:18:47:53] VendorID=1120 Code=F AcctID=7728374250922159
[19/Dec/2023:18:48:02] VendorID=7012 Code=A AcctID=3010260653510746
[19/Dec/2023:18:48:16] VendorID=5034 Code=E AcctID=5964773251864757
[19/Dec/2023:18:48:50] VendorID=4108 Code=M AcctID=4390946414712407
[19/Dec/2023:18:49:02] VendorID=7004 Code=J AcctID=4980969472718455
[19/Dec/2023:18:49:18] VendorID=1246 Code=C AcctID=4787657413525087
[19/Dec/2023:18:49:41] VendorID=1191 Code=F AcctID=8607787002201697
[19/Dec/2023:18:50:04] VendorID=7022 Code=J AcctID=1776288599561992
[19/Dec/2023:18:50:31] VendorID=1249 Code=D AcctID=8269624054262013
[19/Dec/2023:18:50:43] VendorID=5039 Code=N AcctID=1071744800288439
[19/Dec/2023:18:51:07] VendorID=1132 Code=H AcctID=8355014055177039
[19/Dec/2023:18:51:31] VendorID=1264 Code=D AcctID=4667502320035440
[19/Dec/2023:18:51:54] VendorID=1074 Code=F AcctID=5385719813272822
[19/Dec/2023:18:52:07] VendorID=1132 Code=I AcctID=1616232703551836
[19/Dec/2023:18:52:28] VendorID=7003 Code=L AcctID=9075878981825829
[19/Dec/2023:18:52:38] VendorID=1025 Code=I AcctID=1960285019813739
[19/Dec/2023:18:53:00] VendorID=1053 Code=G AcctID=5610763216483278
[19/Dec/2023:18:53:34] VendorID=5011 Code=I AcctID=5292026014634217
[19/Dec/2023:18:53:48] VendorID=1123 Code=G AcctID=4338964959176751
[19/Dec/2023:18:54:03] VendorID=7024 Code=N AcctID=8493890314907680
[19/Dec/2023:18:54:31] VendorID=1019 Code=D AcctID=8024235977209229
[19/Dec/2023:18:54:36] VendorID=1005 Code=C AcctID=7062407711589506
[19/Dec/2023:18:55:00] VendorID=1049 Code=M AcctID=1032436111527313
[19/Dec/2023:18:55:20] VendorID=1072 Code=B AcctID=9253794553306091
[19/Dec/2023:18:55:38] VendorID=5060 Code=J AcctID=5108297879062385
